d:\_uni\_y3\semester 2\gameenginedev\repos\merlin\debug\vc142.pdb
d:\_uni\_y3\semester 2\gameenginedev\repos\merlin\debug\vc142.idb
d:\_uni\_y3\semester 2\gameenginedev\repos\merlin\debug\merlin.obj
d:\_uni\_y3\semester 2\gameenginedev\repos\merlin\debug\graphics.obj
d:\_uni\_y3\semester 2\gameenginedev\repos\merlin\debug\nativecodeanalysis.read.1.tlog
d:\_uni\_y3\semester 2\gameenginedev\repos\merlin\debug\merlin.nativecodeanalysis.xml
d:\_uni\_y3\semester 2\gameenginedev\repos\merlin\debug\vc.nativecodeanalysis.all.xml
d:\_uni\_y3\semester 2\gameenginedev\repos\merlin\debug\merlin.tlog\cl.command.1.tlog
d:\_uni\_y3\semester 2\gameenginedev\repos\merlin\debug\merlin.tlog\cl.read.1.tlog
d:\_uni\_y3\semester 2\gameenginedev\repos\merlin\debug\merlin.tlog\cl.write.1.tlog
d:\_uni\_y3\semester 2\gameenginedev\repos\merlin\debug\merlin.tlog\link-cvtres.read.1.tlog
d:\_uni\_y3\semester 2\gameenginedev\repos\merlin\debug\merlin.tlog\link-cvtres.write.1.tlog
d:\_uni\_y3\semester 2\gameenginedev\repos\merlin\debug\merlin.tlog\link-rc.read.1.tlog
d:\_uni\_y3\semester 2\gameenginedev\repos\merlin\debug\merlin.tlog\link-rc.write.1.tlog
d:\_uni\_y3\semester 2\gameenginedev\repos\merlin\debug\merlin.tlog\link.4020-cvtres.read.1.tlog
d:\_uni\_y3\semester 2\gameenginedev\repos\merlin\debug\merlin.tlog\link.4020-cvtres.write.1.tlog
d:\_uni\_y3\semester 2\gameenginedev\repos\merlin\debug\merlin.tlog\link.4020-rc.read.1.tlog
d:\_uni\_y3\semester 2\gameenginedev\repos\merlin\debug\merlin.tlog\link.4020-rc.write.1.tlog
d:\_uni\_y3\semester 2\gameenginedev\repos\merlin\debug\merlin.tlog\link.4020.read.1.tlog
d:\_uni\_y3\semester 2\gameenginedev\repos\merlin\debug\merlin.tlog\link.4020.write.1.tlog
d:\_uni\_y3\semester 2\gameenginedev\repos\merlin\debug\merlin.tlog\link.command.1.tlog
d:\_uni\_y3\semester 2\gameenginedev\repos\merlin\debug\merlin.tlog\link.read.1.tlog
d:\_uni\_y3\semester 2\gameenginedev\repos\merlin\debug\merlin.tlog\link.write.1.tlog
